\BOOKMARK [1][-]{section.1}{Introduction}{}% 1
\BOOKMARK [1][-]{section.2}{Project\040Requirements}{}% 2
\BOOKMARK [1][-]{section.3}{Agile\040Development\040Framework}{}% 3
\BOOKMARK [1][-]{section.4}{Development\040schedule}{}% 4
\BOOKMARK [1][-]{section.5}{Workflow}{}% 5
\BOOKMARK [2][-]{subsection.5.1}{Setup\040workflow\040\(First\040time\040setup\)}{section.5}% 6
\BOOKMARK [2][-]{subsection.5.2}{User\040workflow\040\(Routine\040operation\)}{section.5}% 7
\BOOKMARK [1][-]{section.6}{Robotics}{}% 8
\BOOKMARK [2][-]{subsection.6.1}{Hardware}{section.6}% 9
\BOOKMARK [2][-]{subsection.6.2}{Simulation\040and\040Software}{section.6}% 10
\BOOKMARK [2][-]{subsection.6.3}{Final\040simulation\040test}{section.6}% 11
\BOOKMARK [1][-]{section.7}{Vision}{}% 12
\BOOKMARK [2][-]{subsection.7.1}{Analysing\040the\040different\040sensor\040options}{section.7}% 13
\BOOKMARK [3][-]{subsubsection.7.1.1}{Depth\040Camera\040Analysis}{subsection.7.1}% 14
\BOOKMARK [2][-]{subsection.7.2}{Segmentation\040of\040The\040Image}{section.7}% 15
\BOOKMARK [3][-]{subsubsection.7.2.1}{Fourier\040Transformation}{subsection.7.2}% 16
\BOOKMARK [3][-]{subsubsection.7.2.2}{Segmentation\040using\040U-Net}{subsection.7.2}% 17
\BOOKMARK [3][-]{subsubsection.7.2.3}{Convolution\040based\040segmentation}{subsection.7.2}% 18
\BOOKMARK [2][-]{subsection.7.3}{Breach\040detection}{section.7}% 19
\BOOKMARK [3][-]{subsubsection.7.3.1}{Screening\040of\040segmented\040images}{subsection.7.3}% 20
\BOOKMARK [3][-]{subsubsection.7.3.2}{Image\040classification\040and\040boundary\040box\040regression\040using\040mask-RCNN}{subsection.7.3}% 21
\BOOKMARK [2][-]{subsection.7.4}{Part\040conclusion}{section.7}% 22
\BOOKMARK [1][-]{section.8}{Final\040Acceptance\040Test}{}% 23
\BOOKMARK [2][-]{subsection.8.1}{Test\040Setup}{section.8}% 24
\BOOKMARK [2][-]{subsection.8.2}{Analysis\040of\040test}{section.8}% 25
\BOOKMARK [1][-]{section.9}{Discussion\040and\040Future\040Work}{}% 26
\BOOKMARK [1][-]{section.10}{SORA\040Assessment}{}% 27
\BOOKMARK [2][-]{subsection.10.1}{Step\0401:\040Concept\040of\040Operations}{section.10}% 28
\BOOKMARK [2][-]{subsection.10.2}{Step\0402:\040Determination\040of\040the\040intrinsic\040UAS\040ground\040risk\040class\040\(GRC\)}{section.10}% 29
\BOOKMARK [2][-]{subsection.10.3}{Step\0403:\040Final\040GRC\040determination}{section.10}% 30
\BOOKMARK [2][-]{subsection.10.4}{Step\0404:\040Determination\040of\040the\040initial\040air\040risk\040class\040\(ARC\)}{section.10}% 31
\BOOKMARK [2][-]{subsection.10.5}{Step\0406:\040TMPR\040\(Tactical\040mitigation\040performance\040requirements\)\040and\040robustness\040levels}{section.10}% 32
\BOOKMARK [2][-]{subsection.10.6}{Step\0407:\040SAIL\040determination}{section.10}% 33
\BOOKMARK [2][-]{subsection.10.7}{Step\0408:\040Identification\040of\040operational\040safety\040objectives\040\(OSOs\)}{section.10}% 34
\BOOKMARK [2][-]{subsection.10.8}{Step\0409:\040Adjacent\040Area/Airspace\040considerations}{section.10}% 35
\BOOKMARK [1][-]{section.11}{Conclusion}{}% 36
\BOOKMARK [1][-]{section.11}{References}{}% 37
\BOOKMARK [1][-]{section*.43}{Appendices}{}% 38
\BOOKMARK [1][-]{Appendix.a.A}{Table\040of\040drone\040specifications}{}% 39
\BOOKMARK [1][-]{Appendix.a.B}{OSOs}{}% 40
